c:\users\前川　洸太郎\documents\directx11sample\directx11sampleproj\directx11sampleproj\x64\debug\vc142.pdb
c:\users\前川　洸太郎\documents\directx11sample\directx11sampleproj\directx11sampleproj\x64\debug\vc142.idb
c:\users\前川　洸太郎\documents\directx11sample\directx11sampleproj\directx11sampleproj\x64\debug\primitiverenderer.obj
c:\users\前川　洸太郎\documents\directx11sample\directx11sampleproj\directx11sampleproj\x64\debug\triangle.obj
c:\users\前川　洸太郎\documents\directx11sample\directx11sampleproj\directx11sampleproj\x64\debug\surface2d.obj
c:\users\前川　洸太郎\documents\directx11sample\directx11sampleproj\directx11sampleproj\x64\debug\model.obj
c:\users\前川　洸太郎\documents\directx11sample\directx11sampleproj\directx11sampleproj\x64\debug\modelmanager.obj
c:\users\前川　洸太郎\documents\directx11sample\directx11sampleproj\directx11sampleproj\x64\debug\cube.obj
c:\users\前川　洸太郎\documents\directx11sample\directx11sampleproj\directx11sampleproj\x64\debug\objfile.obj
c:\users\前川　洸太郎\documents\directx11sample\directx11sampleproj\directx11sampleproj\x64\debug\math.obj
c:\users\前川　洸太郎\documents\directx11sample\directx11sampleproj\directx11sampleproj\x64\debug\main.obj
c:\users\前川　洸太郎\documents\directx11sample\directx11sampleproj\directx11sampleproj\x64\debug\light.obj
c:\users\前川　洸太郎\documents\directx11sample\directx11sampleproj\directx11sampleproj\x64\debug\lightdata.obj
c:\users\前川　洸太郎\documents\directx11sample\directx11sampleproj\directx11sampleproj\x64\debug\lib.obj
c:\users\前川　洸太郎\documents\directx11sample\directx11sampleproj\directx11sampleproj\x64\debug\libsingletonmanager.obj
c:\users\前川　洸太郎\documents\directx11sample\directx11sampleproj\directx11sampleproj\x64\debug\iofunction.obj
c:\users\前川　洸太郎\documents\directx11sample\directx11sampleproj\directx11sampleproj\x64\debug\mouse.obj
c:\users\前川　洸太郎\documents\directx11sample\directx11sampleproj\directx11sampleproj\x64\debug\key.obj
c:\users\前川　洸太郎\documents\directx11sample\directx11sampleproj\directx11sampleproj\x64\debug\device.obj
c:\users\前川　洸太郎\documents\directx11sample\directx11sampleproj\directx11sampleproj\x64\debug\createshader.obj
c:\users\前川　洸太郎\documents\directx11sample\directx11sampleproj\directx11sampleproj\x64\debug\camera3d.obj
c:\users\前川　洸太郎\documents\directx11sample\directx11sampleproj\directx11sampleproj\x64\debug\templatebuffer.obj
c:\users\前川　洸太郎\documents\directx11sample\directx11sampleproj\directx11sampleproj\x64\debug\window.obj
c:\users\前川　洸太郎\documents\directx11sample\directx11sampleproj\directx11sampleproj\x64\debug\windowssystem.obj
c:\users\前川　洸太郎\documents\directx11sample\directx11sampleproj\directx11sampleproj\x64\debug\viewportmanager.obj
c:\users\前川　洸太郎\documents\directx11sample\directx11sampleproj\directx11sampleproj\x64\debug\viewmanager.obj
c:\users\前川　洸太郎\documents\directx11sample\directx11sampleproj\directx11sampleproj\x64\debug\vertexshadermanager.obj
c:\users\前川　洸太郎\documents\directx11sample\directx11sampleproj\directx11sampleproj\x64\debug\vs3d.obj
c:\users\前川　洸太郎\documents\directx11sample\directx11sampleproj\directx11sampleproj\x64\debug\vertexshader.obj
c:\users\前川　洸太郎\documents\directx11sample\directx11sampleproj\directx11sampleproj\x64\debug\shaderbase.obj
c:\users\前川　洸太郎\documents\directx11sample\directx11sampleproj\directx11sampleproj\x64\debug\pixelshader.obj
c:\users\前川　洸太郎\documents\directx11sample\directx11sampleproj\directx11sampleproj\x64\debug\pixelshadermanager.obj
c:\users\前川　洸太郎\documents\directx11sample\directx11sampleproj\directx11sampleproj\x64\debug\vertexshaderfactory.obj
c:\users\前川　洸太郎\documents\directx11sample\directx11sampleproj\directx11sampleproj\x64\debug\pixelshaderfactory.obj
c:\users\前川　洸太郎\documents\directx11sample\directx11sampleproj\directx11sampleproj\x64\debug\buffertemplate.obj
c:\users\前川　洸太郎\documents\directx11sample\directx11sampleproj\directx11sampleproj\x64\debug\quad.obj
c:\users\前川　洸太郎\documents\directx11sample\directx11sampleproj\directx11sampleproj\x64\debug\constantbuffer.obj
c:\users\前川　洸太郎\documents\directx11sample\directx11sampleproj\directx11sampleproj\x64\debug\unknown.obj
c:\users\前川　洸太郎\documents\directx11sample\directx11sampleproj\directx11sampleproj\x64\debug\constbuffer.obj
c:\users\前川　洸太郎\documents\directx11sample\directx11sampleproj\directx11sampleproj\x64\debug\vs2ddata.obj
c:\users\前川　洸太郎\documents\directx11sample\directx11sampleproj\x64\debug\lightpixelshader.cso
c:\users\前川　洸太郎\documents\directx11sample\directx11sampleproj\x64\debug\lightvertexshader.cso
c:\users\前川　洸太郎\documents\directx11sample\directx11sampleproj\x64\debug\pixelshader.cso
c:\users\前川　洸太郎\documents\directx11sample\directx11sampleproj\x64\debug\spotlightpixel.cso
c:\users\前川　洸太郎\documents\directx11sample\directx11sampleproj\x64\debug\spotlightvertex.cso
c:\users\前川　洸太郎\documents\directx11sample\directx11sampleproj\x64\debug\vertexshader.cso
c:\users\前川　洸太郎\documents\directx11sample\directx11sampleproj\x64\debug\vs3d.cso
c:\users\前川　洸太郎\documents\directx11sample\directx11sampleproj\x64\debug\vs2d.cso
c:\users\前川　洸太郎\documents\directx11sample\directx11sampleproj\x64\debug\directx11sampleproj.exe
c:\users\前川　洸太郎\documents\directx11sample\directx11sampleproj\x64\debug\directx11sampleproj.ilk
c:\users\前川　洸太郎\documents\directx11sample\directx11sampleproj\x64\debug\directx11sampleproj.pdb
c:\users\前川　洸太郎\documents\directx11sample\directx11sampleproj\directx11sampleproj\x64\debug\directx1.e82f6902.tlog\cl.command.1.tlog
c:\users\前川　洸太郎\documents\directx11sample\directx11sampleproj\directx11sampleproj\x64\debug\directx1.e82f6902.tlog\cl.read.1.tlog
c:\users\前川　洸太郎\documents\directx11sample\directx11sampleproj\directx11sampleproj\x64\debug\directx1.e82f6902.tlog\cl.write.1.tlog
c:\users\前川　洸太郎\documents\directx11sample\directx11sampleproj\directx11sampleproj\x64\debug\directx1.e82f6902.tlog\fxc.command.1.tlog
c:\users\前川　洸太郎\documents\directx11sample\directx11sampleproj\directx11sampleproj\x64\debug\directx1.e82f6902.tlog\fxc.read.1.tlog
c:\users\前川　洸太郎\documents\directx11sample\directx11sampleproj\directx11sampleproj\x64\debug\directx1.e82f6902.tlog\fxc.write.1.tlog
c:\users\前川　洸太郎\documents\directx11sample\directx11sampleproj\directx11sampleproj\x64\debug\directx1.e82f6902.tlog\link.command.1.tlog
c:\users\前川　洸太郎\documents\directx11sample\directx11sampleproj\directx11sampleproj\x64\debug\directx1.e82f6902.tlog\link.read.1.tlog
c:\users\前川　洸太郎\documents\directx11sample\directx11sampleproj\directx11sampleproj\x64\debug\directx1.e82f6902.tlog\link.write.1.tlog
